<?xml version="1.0" encoding="UTF-8"?>
<!-- Generated by org.testng.reporters.JUnitReportReporter -->
<testsuite hostname="SPL1955" failures="0" tests="1" name="folder.UploadContent" time="30.010" errors="0" timestamp="2023-05-11T12:02:00 IST" skipped="0">
  <testcase classname="folder.UploadContent" name="UploadPdf" time="30.010"/>
  <system-out/>
</testsuite> <!-- folder.UploadContent -->
