<?xml version="1.0" encoding="UTF-8"?>
<!-- Generated by org.testng.reporters.JUnitReportReporter -->
<testsuite hostname="SPL2041" failures="0" tests="1" name="TestCases.a5" time="25.215" errors="0" timestamp="2023-04-24T10:33:36 IST" skipped="0">
  <testcase classname="TestCases.a5" name="a7" time="25.215"/>
  <system-out/>
</testsuite> <!-- TestCases.a5 -->
