<?xml version="1.0" encoding="UTF-8"?>
<!-- Generated by org.testng.reporters.JUnitReportReporter -->
<testsuite hostname="SPL2041" failures="0" tests="1" name="TestCases.LoginAsStudent" time="36.983" errors="0" timestamp="2023-04-27T11:25:46 IST" skipped="0">
  <testcase classname="TestCases.LoginAsStudent" name="Script_1" time="36.983"/>
  <system-out/>
</testsuite> <!-- TestCases.LoginAsStudent -->
