<?xml version="1.0" encoding="UTF-8"?>
<!-- Generated by org.testng.reporters.JUnitReportReporter -->
<testsuite hostname="SPL2041" failures="0" tests="1" name="TestCases.a1" time="13.982" errors="0" timestamp="2023-04-22T22:37:26 IST" skipped="0">
  <testcase classname="TestCases.a1" name="a2" time="13.982"/>
  <system-out/>
</testsuite> <!-- TestCases.a1 -->
