<?xml version="1.0" encoding="UTF-8"?>
<!-- Generated by org.testng.reporters.JUnitReportReporter -->
<testsuite hostname="SPL1955" failures="0" tests="1" name="TestCases.Demo_Run" time="177.036" errors="0" timestamp="2023-05-16T13:11:50 IST" skipped="0">
  <testcase classname="TestCases.Demo_Run" name="run" time="177.036"/>
  <system-out/>
</testsuite> <!-- TestCases.Demo_Run -->
