<?xml version="1.0" encoding="UTF-8"?>
<!-- Generated by org.testng.reporters.JUnitReportReporter -->
<testsuite skipped="0" hostname="SPL2041" name="TestCases.demo" tests="1" failures="0" timestamp="2023-05-10T11:17:12 IST" time="10.700" errors="0">
  <testcase name="s5" time="10.700" classname="TestCases.demo"/>
  <system-out/>
</testsuite> <!-- TestCases.demo -->
