<?xml version="1.0" encoding="UTF-8"?>
<!-- Generated by org.testng.reporters.JUnitReportReporter -->
<testsuite hostname="SPL1955" failures="0" tests="3" name="TestCases.validateDifferentRole" time="55.426" errors="0" timestamp="2023-05-11T11:49:17 IST" skipped="0">
  <testcase classname="TestCases.validateDifferentRole" name="AsTeacher" time="18.056"/>
  <system-out/>
  <testcase classname="TestCases.validateDifferentRole" name="AsSchoolHead" time="18.146"/>
  <system-out/>
  <testcase classname="TestCases.validateDifferentRole" name="AsStudent" time="19.224"/>
  <system-out/>
</testsuite> <!-- TestCases.validateDifferentRole -->
