<?xml version="1.0" encoding="UTF-8"?>
<!-- Generated by org.testng.reporters.JUnitReportReporter -->
<testsuite skipped="0" hostname="SPL2041" name="TestCases.validate" tests="1" failures="0" timestamp="2023-05-03T11:48:13 IST" time="49.203" errors="0">
  <testcase name="s1" time="49.203" classname="TestCases.validate"/>
  <system-out/>
</testsuite> <!-- TestCases.validate -->
