<?xml version="1.0" encoding="UTF-8"?>
<!-- Generated by org.testng.reporters.JUnitReportReporter -->
<testsuite hostname="SPL1955" failures="0" tests="1" name="TestCases.DemoCourseRun" time="108.323" errors="0" timestamp="2023-05-12T16:34:35 IST" skipped="0">
  <testcase classname="TestCases.DemoCourseRun" name="run" time="108.323"/>
  <system-out/>
</testsuite> <!-- TestCases.DemoCourseRun -->
