<?xml version="1.0" encoding="UTF-8"?>
<!-- Generated by org.testng.reporters.JUnitReportReporter -->
<testsuite hostname="SPL2041" failures="0" tests="1" name="TestCases.loginAsReviewer" time="43.823" errors="0" timestamp="2023-04-27T11:47:52 IST" skipped="0">
  <testcase classname="TestCases.loginAsReviewer" name="Script_2" time="43.823"/>
  <system-out/>
</testsuite> <!-- TestCases.loginAsReviewer -->
