<?xml version="1.0" encoding="UTF-8"?>
<!-- Generated by org.testng.reporters.JUnitReportReporter -->
<testsuite skipped="0" hostname="SPL2041" name="TestCases.Demo_Class" tests="1" failures="0" timestamp="2023-05-10T11:09:14 IST" time="35.867" errors="0">
  <testcase name="s1" time="35.867" classname="TestCases.Demo_Class"/>
  <system-out/>
</testsuite> <!-- TestCases.Demo_Class -->
