<?xml version="1.0" encoding="UTF-8"?>
<!-- Generated by org.testng.reporters.JUnitReportReporter -->
<testsuite hostname="SPL1955" failures="0" tests="1" name="TestCases.LoginAsCreator" time="8.612" errors="0" timestamp="2023-05-11T11:53:26 IST" skipped="0">
  <testcase classname="TestCases.LoginAsCreator" name="LoginAndVerify" time="8.612"/>
  <system-out/>
</testsuite> <!-- TestCases.LoginAsCreator -->
